<?xml version="1.0" encoding="UTF-8"?>
<robot generator="Robot 4.0.2 (Python 3.6.9 on linux)" generated="20210516 16:08:43.682" rpa="false" schemaversion="2">
<suite id="s1" name="Tests" source="/home/user/PycharmProjects/RobotFramework/Tests">
<suite id="s1-s1" name="OpenCardTests" source="/home/user/PycharmProjects/RobotFramework/Tests/OpenCardTests.robot">
<test id="s1-s1-t1" name="Check title and logo text in opencard homepage">
<kw name="Open Browser And Check Title And Logo">
<arg>Your Store</arg>
<kw name="Open Browser" library="SeleniumLibrary">
<arg>${URL}</arg>
<arg>${BROWSER}</arg>
<arg>remote_url=http://127.0.0.1:4444/wd/hub</arg>
<doc>Opens a new browser instance to the optional ``url``.</doc>
<msg timestamp="20210516 16:08:43.862" level="INFO">Opening browser 'chrome' to base url 'https://demo.opencart.com/' through remote server at 'http://127.0.0.1:4444/wd/hub'.</msg>
<status status="PASS" starttime="20210516 16:08:43.862" endtime="20210516 16:08:46.507"/>
</kw>
<kw name="Get Title" library="SeleniumLibrary">
<var>${TITLE}</var>
<doc>Returns the title of the current page.</doc>
<msg timestamp="20210516 16:08:46.524" level="INFO">${TITLE} = Your Store</msg>
<status status="PASS" starttime="20210516 16:08:46.507" endtime="20210516 16:08:46.524"/>
</kw>
<kw name="Should Contain" library="BuiltIn">
<arg>${TITLE}</arg>
<arg>${VALUE}</arg>
<doc>Fails if ``container`` does not contain ``item`` one or more times.</doc>
<status status="PASS" starttime="20210516 16:08:46.524" endtime="20210516 16:08:46.525"/>
</kw>
<kw name="Page Should Contain" library="SeleniumLibrary">
<arg>${VALUE}</arg>
<doc>Verifies that current page contains ``text``.</doc>
<msg timestamp="20210516 16:08:46.545" level="INFO">Current page contains text 'Your Store'.</msg>
<status status="PASS" starttime="20210516 16:08:46.525" endtime="20210516 16:08:46.545"/>
</kw>
<status status="PASS" starttime="20210516 16:08:43.861" endtime="20210516 16:08:46.547"/>
</kw>
<kw name="Close Browser" library="SeleniumLibrary">
<doc>Closes the current browser.</doc>
<status status="PASS" starttime="20210516 16:08:46.547" endtime="20210516 16:08:46.601"/>
</kw>
<status status="PASS" starttime="20210516 16:08:43.859" endtime="20210516 16:08:46.601"/>
</test>
<test id="s1-s1-t2" name="Verify of iPhone item from the store via search">
<kw name="Open Browser And Check Title And Logo">
<arg>Your Store</arg>
<kw name="Open Browser" library="SeleniumLibrary">
<arg>${URL}</arg>
<arg>${BROWSER}</arg>
<arg>remote_url=http://127.0.0.1:4444/wd/hub</arg>
<doc>Opens a new browser instance to the optional ``url``.</doc>
<msg timestamp="20210516 16:08:46.606" level="INFO">Opening browser 'chrome' to base url 'https://demo.opencart.com/' through remote server at 'http://127.0.0.1:4444/wd/hub'.</msg>
<status status="PASS" starttime="20210516 16:08:46.605" endtime="20210516 16:08:49.478"/>
</kw>
<kw name="Get Title" library="SeleniumLibrary">
<var>${TITLE}</var>
<doc>Returns the title of the current page.</doc>
<msg timestamp="20210516 16:08:49.488" level="INFO">${TITLE} = Your Store</msg>
<status status="PASS" starttime="20210516 16:08:49.478" endtime="20210516 16:08:49.488"/>
</kw>
<kw name="Should Contain" library="BuiltIn">
<arg>${TITLE}</arg>
<arg>${VALUE}</arg>
<doc>Fails if ``container`` does not contain ``item`` one or more times.</doc>
<status status="PASS" starttime="20210516 16:08:49.488" endtime="20210516 16:08:49.488"/>
</kw>
<kw name="Page Should Contain" library="SeleniumLibrary">
<arg>${VALUE}</arg>
<doc>Verifies that current page contains ``text``.</doc>
<msg timestamp="20210516 16:08:49.510" level="INFO">Current page contains text 'Your Store'.</msg>
<status status="PASS" starttime="20210516 16:08:49.488" endtime="20210516 16:08:49.510"/>
</kw>
<status status="PASS" starttime="20210516 16:08:46.604" endtime="20210516 16:08:49.511"/>
</kw>
<kw name="Input Text" library="SeleniumLibrary">
<arg>name=search</arg>
<arg>${TEST_ITEM}</arg>
<doc>Types the given ``text`` into the text field identified by ``locator``.</doc>
<msg timestamp="20210516 16:08:49.512" level="INFO">Typing text 'iPhone' into text field 'name=search'.</msg>
<status status="PASS" starttime="20210516 16:08:49.511" endtime="20210516 16:08:49.623"/>
</kw>
<kw name="Search item via search field">
<arg>${TEST_ITEM}</arg>
<kw name="Input Text" library="SeleniumLibrary">
<arg>name=search</arg>
<arg>${VALUE}</arg>
<doc>Types the given ``text`` into the text field identified by ``locator``.</doc>
<msg timestamp="20210516 16:08:49.625" level="INFO">Typing text 'iPhone' into text field 'name=search'.</msg>
<status status="PASS" starttime="20210516 16:08:49.624" endtime="20210516 16:08:49.708"/>
</kw>
<kw name="Press Keys" library="SeleniumLibrary">
<arg>name=search</arg>
<arg>ENTER</arg>
<doc>Simulates the user pressing key(s) to an element or on the active browser.</doc>
<msg timestamp="20210516 16:08:49.709" level="INFO">Sending key(s) ('ENTER',) to name=search element.</msg>
<msg timestamp="20210516 16:08:50.002" level="INFO">Pressing special key ENTER to element.</msg>
<msg timestamp="20210516 16:08:50.003" level="INFO">Releasing special key ENTER.</msg>
<status status="PASS" starttime="20210516 16:08:49.708" endtime="20210516 16:08:51.103"/>
</kw>
<status status="PASS" starttime="20210516 16:08:49.624" endtime="20210516 16:08:51.104"/>
</kw>
<kw name="Close Browser" library="SeleniumLibrary">
<doc>Closes the current browser.</doc>
<status status="PASS" starttime="20210516 16:08:51.104" endtime="20210516 16:08:51.157"/>
</kw>
<status status="PASS" starttime="20210516 16:08:46.602" endtime="20210516 16:08:51.157"/>
</test>
<test id="s1-s1-t3" name="Check adding item to the shopping cart">
<kw name="Open Browser And Check Title And Logo">
<arg>Your Store</arg>
<kw name="Open Browser" library="SeleniumLibrary">
<arg>${URL}</arg>
<arg>${BROWSER}</arg>
<arg>remote_url=http://127.0.0.1:4444/wd/hub</arg>
<doc>Opens a new browser instance to the optional ``url``.</doc>
<msg timestamp="20210516 16:08:51.161" level="INFO">Opening browser 'chrome' to base url 'https://demo.opencart.com/' through remote server at 'http://127.0.0.1:4444/wd/hub'.</msg>
<status status="PASS" starttime="20210516 16:08:51.160" endtime="20210516 16:08:54.038"/>
</kw>
<kw name="Get Title" library="SeleniumLibrary">
<var>${TITLE}</var>
<doc>Returns the title of the current page.</doc>
<msg timestamp="20210516 16:08:54.045" level="INFO">${TITLE} = Your Store</msg>
<status status="PASS" starttime="20210516 16:08:54.038" endtime="20210516 16:08:54.045"/>
</kw>
<kw name="Should Contain" library="BuiltIn">
<arg>${TITLE}</arg>
<arg>${VALUE}</arg>
<doc>Fails if ``container`` does not contain ``item`` one or more times.</doc>
<status status="PASS" starttime="20210516 16:08:54.046" endtime="20210516 16:08:54.047"/>
</kw>
<kw name="Page Should Contain" library="SeleniumLibrary">
<arg>${VALUE}</arg>
<doc>Verifies that current page contains ``text``.</doc>
<msg timestamp="20210516 16:08:54.083" level="INFO">Current page contains text 'Your Store'.</msg>
<status status="PASS" starttime="20210516 16:08:54.047" endtime="20210516 16:08:54.083"/>
</kw>
<status status="PASS" starttime="20210516 16:08:51.159" endtime="20210516 16:08:54.083"/>
</kw>
<kw name="Search item via search field">
<arg>${TEST_ITEM}</arg>
<kw name="Input Text" library="SeleniumLibrary">
<arg>name=search</arg>
<arg>${VALUE}</arg>
<doc>Types the given ``text`` into the text field identified by ``locator``.</doc>
<msg timestamp="20210516 16:08:54.085" level="INFO">Typing text 'iPhone' into text field 'name=search'.</msg>
<status status="PASS" starttime="20210516 16:08:54.084" endtime="20210516 16:08:54.198"/>
</kw>
<kw name="Press Keys" library="SeleniumLibrary">
<arg>name=search</arg>
<arg>ENTER</arg>
<doc>Simulates the user pressing key(s) to an element or on the active browser.</doc>
<msg timestamp="20210516 16:08:54.199" level="INFO">Sending key(s) ('ENTER',) to name=search element.</msg>
<msg timestamp="20210516 16:08:54.488" level="INFO">Pressing special key ENTER to element.</msg>
<msg timestamp="20210516 16:08:54.488" level="INFO">Releasing special key ENTER.</msg>
<status status="PASS" starttime="20210516 16:08:54.198" endtime="20210516 16:08:55.183"/>
</kw>
<status status="PASS" starttime="20210516 16:08:54.084" endtime="20210516 16:08:55.184"/>
</kw>
<kw name="Click Element" library="SeleniumLibrary">
<arg>css=div[class='image'] a</arg>
<doc>Click the element identified by ``locator``.</doc>
<msg timestamp="20210516 16:08:55.185" level="INFO">Clicking element 'css=div[class='image'] a'.</msg>
<status status="PASS" starttime="20210516 16:08:55.184" endtime="20210516 16:08:56.680"/>
</kw>
<kw name="Click Button" library="SeleniumLibrary">
<arg>css=#button-cart</arg>
<doc>Clicks the button identified by ``locator``.</doc>
<msg timestamp="20210516 16:08:56.681" level="INFO">Clicking button 'css=#button-cart'.</msg>
<status status="PASS" starttime="20210516 16:08:56.681" endtime="20210516 16:08:56.773"/>
</kw>
<kw name="Wait Until Element Is Visible" library="SeleniumLibrary">
<arg>css=div[class='alert alert-success alert-dismissible']</arg>
<doc>Waits until the element ``locator`` is visible.</doc>
<status status="PASS" starttime="20210516 16:08:56.773" endtime="20210516 16:08:57.577"/>
</kw>
<kw name="Page Should Contain" library="SeleniumLibrary">
<arg>Success: You have added iPhone to your shopping cart!</arg>
<doc>Verifies that current page contains ``text``.</doc>
<msg timestamp="20210516 16:08:57.603" level="INFO">Current page contains text 'Success: You have added iPhone to your shopping cart!'.</msg>
<status status="PASS" starttime="20210516 16:08:57.577" endtime="20210516 16:08:57.603"/>
</kw>
<status status="PASS" starttime="20210516 16:08:51.158" endtime="20210516 16:08:57.603"/>
</test>
<test id="s1-s1-t4" name="Verify of not adding item in to wish list if not logged in user">
<kw name="Open Browser And Check Title And Logo">
<arg>Your Store</arg>
<kw name="Open Browser" library="SeleniumLibrary">
<arg>${URL}</arg>
<arg>${BROWSER}</arg>
<arg>remote_url=http://127.0.0.1:4444/wd/hub</arg>
<doc>Opens a new browser instance to the optional ``url``.</doc>
<msg timestamp="20210516 16:08:57.607" level="INFO">Opening browser 'chrome' to base url 'https://demo.opencart.com/' through remote server at 'http://127.0.0.1:4444/wd/hub'.</msg>
<status status="PASS" starttime="20210516 16:08:57.606" endtime="20210516 16:09:00.590"/>
</kw>
<kw name="Get Title" library="SeleniumLibrary">
<var>${TITLE}</var>
<doc>Returns the title of the current page.</doc>
<msg timestamp="20210516 16:09:00.598" level="INFO">${TITLE} = Your Store</msg>
<status status="PASS" starttime="20210516 16:09:00.590" endtime="20210516 16:09:00.598"/>
</kw>
<kw name="Should Contain" library="BuiltIn">
<arg>${TITLE}</arg>
<arg>${VALUE}</arg>
<doc>Fails if ``container`` does not contain ``item`` one or more times.</doc>
<status status="PASS" starttime="20210516 16:09:00.598" endtime="20210516 16:09:00.599"/>
</kw>
<kw name="Page Should Contain" library="SeleniumLibrary">
<arg>${VALUE}</arg>
<doc>Verifies that current page contains ``text``.</doc>
<msg timestamp="20210516 16:09:00.629" level="INFO">Current page contains text 'Your Store'.</msg>
<status status="PASS" starttime="20210516 16:09:00.599" endtime="20210516 16:09:00.629"/>
</kw>
<status status="PASS" starttime="20210516 16:08:57.605" endtime="20210516 16:09:00.629"/>
</kw>
<kw name="Click Button" library="SeleniumLibrary">
<arg>css=.product-layout:nth-child(1) button:nth-child(2)</arg>
<doc>Clicks the button identified by ``locator``.</doc>
<msg timestamp="20210516 16:09:00.630" level="INFO">Clicking button 'css=.product-layout:nth-child(1) button:nth-child(2)'.</msg>
<status status="PASS" starttime="20210516 16:09:00.629" endtime="20210516 16:09:00.729"/>
</kw>
<kw name="Wait Until Element Is Visible" library="SeleniumLibrary">
<arg>${ALLERT}</arg>
<doc>Waits until the element ``locator`` is visible.</doc>
<status status="PASS" starttime="20210516 16:09:00.729" endtime="20210516 16:09:01.444"/>
</kw>
<kw name="Page Should Contain" library="SeleniumLibrary">
<arg>You must login or create an account to save MacBook to your wish list!</arg>
<doc>Verifies that current page contains ``text``.</doc>
<msg timestamp="20210516 16:09:01.470" level="INFO">Current page contains text 'You must login or create an account to save MacBook to your wish list!'.</msg>
<status status="PASS" starttime="20210516 16:09:01.444" endtime="20210516 16:09:01.471"/>
</kw>
<status status="PASS" starttime="20210516 16:08:57.604" endtime="20210516 16:09:01.471"/>
</test>
<test id="s1-s1-t5" name="Verify the registration of new user in register page">
<kw name="Open Browser" library="SeleniumLibrary">
<arg>https://demo.opencart.com/index.php?route=account/register</arg>
<arg>${BROWSER}</arg>
<arg>remote_url=http://127.0.0.1:4444/wd/hub</arg>
<doc>Opens a new browser instance to the optional ``url``.</doc>
<msg timestamp="20210516 16:09:01.474" level="INFO">Opening browser 'chrome' to base url 'https://demo.opencart.com/index.php?route=account/register' through remote server at 'http://127.0.0.1:4444/wd/hub'.</msg>
<status status="PASS" starttime="20210516 16:09:01.473" endtime="20210516 16:09:04.494"/>
</kw>
<kw name="Input Text" library="SeleniumLibrary">
<arg>name=firstname</arg>
<arg>TestFirstName</arg>
<doc>Types the given ``text`` into the text field identified by ``locator``.</doc>
<msg timestamp="20210516 16:09:04.495" level="INFO">Typing text 'TestFirstName' into text field 'name=firstname'.</msg>
<status status="PASS" starttime="20210516 16:09:04.494" endtime="20210516 16:09:04.650"/>
</kw>
<kw name="Input Text" library="SeleniumLibrary">
<arg>name=lastname</arg>
<arg>TestLastName</arg>
<doc>Types the given ``text`` into the text field identified by ``locator``.</doc>
<msg timestamp="20210516 16:09:04.651" level="INFO">Typing text 'TestLastName' into text field 'name=lastname'.</msg>
<status status="PASS" starttime="20210516 16:09:04.650" endtime="20210516 16:09:04.774"/>
</kw>
<kw name="Input Text" library="SeleniumLibrary">
<arg>name=email</arg>
<arg>TestEmail@mail.com</arg>
<doc>Types the given ``text`` into the text field identified by ``locator``.</doc>
<msg timestamp="20210516 16:09:04.775" level="INFO">Typing text 'TestEmail@mail.com' into text field 'name=email'.</msg>
<status status="PASS" starttime="20210516 16:09:04.775" endtime="20210516 16:09:04.913"/>
</kw>
<kw name="Input Text" library="SeleniumLibrary">
<arg>name=telephone</arg>
<arg>+481234123</arg>
<doc>Types the given ``text`` into the text field identified by ``locator``.</doc>
<msg timestamp="20210516 16:09:04.914" level="INFO">Typing text '+481234123' into text field 'name=telephone'.</msg>
<status status="PASS" starttime="20210516 16:09:04.913" endtime="20210516 16:09:05.046"/>
</kw>
<kw name="Input Text" library="SeleniumLibrary">
<arg>name=password</arg>
<arg>TestPassword123</arg>
<doc>Types the given ``text`` into the text field identified by ``locator``.</doc>
<msg timestamp="20210516 16:09:05.047" level="INFO">Typing text 'TestPassword123' into text field 'name=password'.</msg>
<status status="PASS" starttime="20210516 16:09:05.046" endtime="20210516 16:09:05.186"/>
</kw>
<kw name="Input Text" library="SeleniumLibrary">
<arg>name=confirm</arg>
<arg>TestPassword123</arg>
<doc>Types the given ``text`` into the text field identified by ``locator``.</doc>
<msg timestamp="20210516 16:09:05.187" level="INFO">Typing text 'TestPassword123' into text field 'name=confirm'.</msg>
<status status="PASS" starttime="20210516 16:09:05.186" endtime="20210516 16:09:05.330"/>
</kw>
<kw name="Click Button" library="SeleniumLibrary">
<arg>name=agree</arg>
<doc>Clicks the button identified by ``locator``.</doc>
<msg timestamp="20210516 16:09:05.330" level="INFO">Clicking button 'name=agree'.</msg>
<status status="PASS" starttime="20210516 16:09:05.330" endtime="20210516 16:09:05.426"/>
</kw>
<kw name="Click Button" library="SeleniumLibrary">
<arg>css=.btn-primary</arg>
<doc>Clicks the button identified by ``locator``.</doc>
<msg timestamp="20210516 16:09:05.427" level="INFO">Clicking button 'css=.btn-primary'.</msg>
<status status="PASS" starttime="20210516 16:09:05.427" endtime="20210516 16:09:07.356"/>
</kw>
<kw name="Page Should Contain" library="SeleniumLibrary">
<arg>Your Account Has Been Created!</arg>
<doc>Verifies that current page contains ``text``.</doc>
<msg timestamp="20210516 16:09:07.392" level="INFO">Current page contains text 'Your Account Has Been Created!'.</msg>
<status status="PASS" starttime="20210516 16:09:07.356" endtime="20210516 16:09:07.392"/>
</kw>
<status status="PASS" starttime="20210516 16:09:01.472" endtime="20210516 16:09:07.392"/>
</test>
<status status="PASS" starttime="20210516 16:08:43.708" endtime="20210516 16:09:07.393"/>
</suite>
<status status="PASS" starttime="20210516 16:08:43.684" endtime="20210516 16:09:07.396"/>
</suite>
<statistics>
<total>
<stat pass="5" fail="0" skip="0">All Tests</stat>
</total>
<tag>
</tag>
<suite>
<stat pass="5" fail="0" skip="0" id="s1" name="Tests">Tests</stat>
<stat pass="5" fail="0" skip="0" id="s1-s1" name="OpenCardTests">Tests.OpenCardTests</stat>
</suite>
</statistics>
<errors>
</errors>
</robot>
